\BOOKMARK [0][-]{section*.1}{\376\377\116\055\145\207\144\130\211\201}{}% 1
\BOOKMARK [0][-]{section*.2}{\376\377\202\361\145\207\144\130\211\201}{}% 2
\BOOKMARK [0][-]{chapter.1}{\376\377\176\352\213\272}{}% 3
\BOOKMARK [1][-]{section.1.1}{\376\377\213\376\230\230\200\314\146\157\123\312\141\017\116\111}{chapter.1}% 4
\BOOKMARK [0][-]{chapter.2}{\376\377\000l\000a\000t\000e\000x\220\350\122\006\165\050\154\325\173\200\116\313}{}% 5
\BOOKMARK [1][-]{section.2.1}{\376\377\165\050\000l\000a\000t\000e\000x\227\000\211\201\133\211\210\305\116\300\116\110}{chapter.2}% 6
\BOOKMARK [1][-]{section.2.2}{\376\377\136\070\165\050\166\204\116\000\116\233\116\034\211\177}{chapter.2}% 7
\BOOKMARK [2][-]{subsection.2.2.1}{\376\377\126\375\226\105\116\011\176\277\210\150\150\074}{section.2.2}% 8
\BOOKMARK [2][-]{subsection.2.2.2}{\376\377\143\142\230\165\210\150\150\074}{section.2.2}% 9
\BOOKMARK [2][-]{subsection.2.2.3}{\376\377\133\127\117\123}{section.2.2}% 10
\BOOKMARK [2][-]{subsection.2.2.4}{\376\377\126\376\377\014\136\166\122\027\143\222}{section.2.2}% 11
\BOOKMARK [2][-]{subsection.2.2.5}{\376\377\121\154\137\017}{section.2.2}% 12
\BOOKMARK [2][-]{subsection.2.2.6}{\376\377\121\154\137\017\122\240\174\227\060\001\145\234\117\123\060\001\133\127\117\123}{section.2.2}% 13
\BOOKMARK [2][-]{subsection.2.2.7}{\376\377\116\000\116\233\162\171\153\212\173\046\123\367}{section.2.2}% 14
\BOOKMARK [2][-]{subsection.2.2.8}{\376\377\135\346\217\271\131\047\142\354\123\367}{section.2.2}% 15
\BOOKMARK [2][-]{subsection.2.2.9}{\376\377\131\015\147\102\121\154\137\017}{section.2.2}% 16
\BOOKMARK [2][-]{subsection.2.2.10}{\376\377\173\111\123\367\133\371\237\120\172\331}{section.2.2}% 17
\BOOKMARK [2][-]{subsection.2.2.11}{\376\377\167\351\226\065\116\130\154\325}{section.2.2}% 18
\BOOKMARK [2][-]{subsection.2.2.12}{\376\377\226\104\230\165\116\343\170\001}{section.2.2}% 19
\BOOKMARK [2][-]{subsection.2.2.13}{\376\377\123\302\200\003\145\207\163\056}{section.2.2}% 20
\BOOKMARK [2][-]{subsection.2.2.14}{\376\377\137\025\165\050\126\376\060\001\210\150\060\001\121\154\137\017\060\001\172\340\202\202}{section.2.2}% 21
\BOOKMARK [0][-]{section*.11}{\376\377\123\302\200\003\145\207\163\056}{}% 22
\BOOKMARK [0][-]{section*.13}{\376\377\226\104\137\125}{}% 23
\BOOKMARK [0][-]{section*.15}{\376\377\201\364\214\042}{}% 24
